app/build/outputs/logs/manifest-merger-debug-report.txt
-- Merging decision tree log ---
manifest
ADDED from src/main/AndroidManifest.xml:2:1-30:12
INJECTED from src/main/AndroidManifest.xml:2:1-30:12
INJECTED from src/main/AndroidManifest.xml:2:1-30:12
INJECTED from src/main/AndroidManifest.xml:2:1-30:12
MERGED from [:base] AndroidManifest.xml:2:1-10:12
MERGED from [com.github.privacystreams:privacystreams-core:0.1.4] AndroidManifest.xml:2:1-64:12
MERGED from [com.github.florent37:viewanimator:1.0.5] AndroidManifest.xml:2:1-12:12
MERGED from [com.android.support:multidex:1.0.2] AndroidManifest.xml:17:1-22:12
MERGED from [com.firebase:firebase-jobdispatcher:0.8.5] AndroidManifest.xml:17:1-42:12
MERGED from [com.android.support:design:27.0.2] AndroidManifest.xml:17:1-22:12
MERGED from [com.android.support:appcompat-v7:27.0.2] AndroidManifest.xml:17:1-22:12
MERGED from [com.android.support:support-v13:27.0.2] AndroidManifest.xml:17:1-22:12
MERGED from [com.booking:rtlviewpager:1.0.1] AndroidManifest.xml:2:1-12:12
MERGED from [com.android.support:support-v4:27.0.2] AndroidManifest.xml:17:1-22:12
MERGED from [com.android.support:recyclerview-v7:27.0.2] AndroidManifest.xml:17:1-22:12
MERGED from [com.android.support:transition:27.0.2] AndroidManifest.xml:17:1-22:12
MERGED from [com.android.support:support-fragment:27.0.2] AndroidManifest.xml:17:1-22:12
MERGED from [com.android.support:animated-vector-drawable:27.0.2] AndroidManifest.xml:17:1-22:12
MERGED from [com.android.support:support-core-ui:27.0.2] AndroidManifest.xml:17:1-22:12
MERGED from [com.android.support:support-core-utils:27.0.2] AndroidManifest.xml:17:1-22:12
MERGED from [com.android.support:support-vector-drawable:27.0.2] AndroidManifest.xml:17:1-22:12
MERGED from [com.android.support:support-media-compat:27.0.2] AndroidManifest.xml:17:1-22:12
MERGED from [com.android.support:support-compat:27.0.2] AndroidManifest.xml:17:1-22:12
MERGED from [android.arch.lifecycle:runtime:1.0.3] AndroidManifest.xml:17:1-24:12
INJECTED from src/main/AndroidManifest.xml:2:1-30:12
INJECTED from src/main/AndroidManifest.xml:2:1-30:12
INJECTED from src/main/AndroidManifest.xml:2:1-30:12
	package
		ADDED from src/main/AndroidManifest.xml:3:5-37
		INJECTED from src/main/AndroidManifest.xml
		INJECTED from src/main/AndroidManifest.xml
	android:versionName
		INJECTED from src/main/AndroidManifest.xml
		ADDED from src/main/AndroidManifest.xml:2:1-30:12
		INJECTED from src/main/AndroidManifest.xml
	android:versionCode
		INJECTED from src/main/AndroidManifest.xml
		ADDED from src/main/AndroidManifest.xml:2:1-30:12
		INJECTED from src/main/AndroidManifest.xml
	xmlns:android
		ADDED from src/main/AndroidManifest.xml:2:11-69
application
ADDED from src/main/AndroidManifest.xml:5:5-28:19
MERGED from [com.github.privacystreams:privacystreams-core:0.1.4] AndroidManifest.xml:11:5-62:19
MERGED from [com.github.privacystreams:privacystreams-core:0.1.4] AndroidManifest.xml:11:5-62:19
MERGED from [com.firebase:firebase-jobdispatcher:0.8.5] AndroidManifest.xml:26:5-40:19
MERGED from [com.firebase:firebase-jobdispatcher:0.8.5] AndroidManifest.xml:26:5-40:19
	android:supportsRtl
		ADDED from src/main/AndroidManifest.xml:11:9-35
	android:label
		ADDED from src/main/AndroidManifest.xml:9:9-41
	android:roundIcon
		ADDED from src/main/AndroidManifest.xml:10:9-54
	android:icon
		ADDED from src/main/AndroidManifest.xml:8:9-43
	android:allowBackup
		ADDED from src/main/AndroidManifest.xml:7:9-35
	android:theme
		ADDED from src/main/AndroidManifest.xml:12:9-46
	android:name
		ADDED from src/main/AndroidManifest.xml:6:9-39
activity#spartan.com.basemodule.MainActivity
ADDED from src/main/AndroidManifest.xml:13:9-18:20
	android:name
		ADDED from src/main/AndroidManifest.xml:13:19-47
intent-filter#android.intent.action.MAIN+android.intent.category.LAUNCHER
ADDED from src/main/AndroidManifest.xml:14:13-17:29
action#android.intent.action.MAIN
ADDED from src/main/AndroidManifest.xml:15:17-69
	android:name
		ADDED from src/main/AndroidManifest.xml:15:25-66
category#android.intent.category.LAUNCHER
ADDED from src/main/AndroidManifest.xml:16:17-77
	android:name
		ADDED from src/main/AndroidManifest.xml:16:27-74
activity#spartan.com.basemodule.SecondActivity
ADDED from src/main/AndroidManifest.xml:19:9-52
	android:name
		ADDED from src/main/AndroidManifest.xml:19:19-49
service#spartan.com.basemodule.ServiceWithoutO
ADDED from src/main/AndroidManifest.xml:21:9-27:19
	android:exported
		ADDED from src/main/AndroidManifest.xml:23:13-37
	android:name
		ADDED from src/main/AndroidManifest.xml:22:13-44
intent-filter#com.firebase.jobdispatcher.ACTION_EXECUTE
ADDED from src/main/AndroidManifest.xml:24:13-26:29
action#com.firebase.jobdispatcher.ACTION_EXECUTE
ADDED from src/main/AndroidManifest.xml:25:17-84
	android:name
		ADDED from src/main/AndroidManifest.xml:25:25-81
uses-sdk
INJECTED from src/main/AndroidManifest.xml reason: use-sdk injection requested
INJECTED from src/main/AndroidManifest.xml
INJECTED from src/main/AndroidManifest.xml
MERGED from [:base] AndroidManifest.xml:6:5-8:41
MERGED from [:base] AndroidManifest.xml:6:5-8:41
MERGED from [com.github.privacystreams:privacystreams-core:0.1.4] AndroidManifest.xml:7:5-9:41
MERGED from [com.github.privacystreams:privacystreams-core:0.1.4] AndroidManifest.xml:7:5-9:41
MERGED from [com.github.florent37:viewanimator:1.0.5] AndroidManifest.xml:8:5-10:41
MERGED from [com.github.florent37:viewanimator:1.0.5] AndroidManifest.xml:8:5-10:41
MERGED from [com.android.support:multidex:1.0.2] AndroidManifest.xml:20:5-43
MERGED from [com.android.support:multidex:1.0.2] AndroidManifest.xml:20:5-43
MERGED from [com.firebase:firebase-jobdispatcher:0.8.5] AndroidManifest.xml:22:5-24:41
MERGED from [com.firebase:firebase-jobdispatcher:0.8.5] AndroidManifest.xml:22:5-24:41
MERGED from [com.android.support:design:27.0.2] AndroidManifest.xml:20:5-44
MERGED from [com.android.support:design:27.0.2] AndroidManifest.xml:20:5-44
MERGED from [com.android.support:appcompat-v7:27.0.2] AndroidManifest.xml:20:5-44
MERGED from [com.android.support:appcompat-v7:27.0.2] AndroidManifest.xml:20:5-44
MERGED from [com.android.support:support-v13:27.0.2] AndroidManifest.xml:20:5-44
MERGED from [com.android.support:support-v13:27.0.2] AndroidManifest.xml:20:5-44
MERGED from [com.booking:rtlviewpager:1.0.1] AndroidManifest.xml:8:5-10:41
MERGED from [com.booking:rtlviewpager:1.0.1] AndroidManifest.xml:8:5-10:41
MERGED from [com.android.support:support-v4:27.0.2] AndroidManifest.xml:20:5-44
MERGED from [com.android.support:support-v4:27.0.2] AndroidManifest.xml:20:5-44
MERGED from [com.android.support:recyclerview-v7:27.0.2] AndroidManifest.xml:20:5-44
MERGED from [com.android.support:recyclerview-v7:27.0.2] AndroidManifest.xml:20:5-44
MERGED from [com.android.support:transition:27.0.2] AndroidManifest.xml:20:5-44
MERGED from [com.android.support:transition:27.0.2] AndroidManifest.xml:20:5-44
MERGED from [com.android.support:support-fragment:27.0.2] AndroidManifest.xml:20:5-44
MERGED from [com.android.support:support-fragment:27.0.2] AndroidManifest.xml:20:5-44
MERGED from [com.android.support:animated-vector-drawable:27.0.2] AndroidManifest.xml:20:5-44
MERGED from [com.android.support:animated-vector-drawable:27.0.2] AndroidManifest.xml:20:5-44
MERGED from [com.android.support:support-core-ui:27.0.2] AndroidManifest.xml:20:5-44
MERGED from [com.android.support:support-core-ui:27.0.2] AndroidManifest.xml:20:5-44
MERGED from [com.android.support:support-core-utils:27.0.2] AndroidManifest.xml:20:5-44
MERGED from [com.android.support:support-core-utils:27.0.2] AndroidManifest.xml:20:5-44
MERGED from [com.android.support:support-vector-drawable:27.0.2] AndroidManifest.xml:20:5-44
MERGED from [com.android.support:support-vector-drawable:27.0.2] AndroidManifest.xml:20:5-44
MERGED from [com.android.support:support-media-compat:27.0.2] AndroidManifest.xml:20:5-44
MERGED from [com.android.support:support-media-compat:27.0.2] AndroidManifest.xml:20:5-44
MERGED from [com.android.support:support-compat:27.0.2] AndroidManifest.xml:20:5-44
MERGED from [com.android.support:support-compat:27.0.2] AndroidManifest.xml:20:5-44
MERGED from [android.arch.lifecycle:runtime:1.0.3] AndroidManifest.xml:20:5-22:41
MERGED from [android.arch.lifecycle:runtime:1.0.3] AndroidManifest.xml:20:5-22:41
INJECTED from src/main/AndroidManifest.xml
INJECTED from src/main/AndroidManifest.xml
	android:targetSdkVersion
		INJECTED from src/main/AndroidManifest.xml
		ADDED from src/main/AndroidManifest.xml
		INJECTED from src/main/AndroidManifest.xml
	android:minSdkVersion
		INJECTED from src/main/AndroidManifest.xml
		ADDED from src/main/AndroidManifest.xml
		INJECTED from src/main/AndroidManifest.xml
activity#com.github.privacystreams.utils.PSPermissionActivity
ADDED from [com.github.privacystreams:privacystreams-core:0.1.4] AndroidManifest.xml:12:9-17:75
	android:launchMode
		ADDED from [com.github.privacystreams:privacystreams-core:0.1.4] AndroidManifest.xml:16:13-43
	android:exported
		ADDED from [com.github.privacystreams:privacystreams-core:0.1.4] AndroidManifest.xml:15:13-36
	android:configChanges
		ADDED from [com.github.privacystreams:privacystreams-core:0.1.4] AndroidManifest.xml:14:13-74
	android:theme
		ADDED from [com.github.privacystreams:privacystreams-core:0.1.4] AndroidManifest.xml:17:13-72
	android:name
		ADDED from [com.github.privacystreams:privacystreams-core:0.1.4] AndroidManifest.xml:13:13-80
activity#com.github.privacystreams.communication.GmailAuthorizationActivity
ADDED from [com.github.privacystreams:privacystreams-core:0.1.4] AndroidManifest.xml:18:9-22:75
	android:exported
		ADDED from [com.github.privacystreams:privacystreams-core:0.1.4] AndroidManifest.xml:21:13-36
	android:configChanges
		ADDED from [com.github.privacystreams:privacystreams-core:0.1.4] AndroidManifest.xml:20:13-74
	android:theme
		ADDED from [com.github.privacystreams:privacystreams-core:0.1.4] AndroidManifest.xml:22:13-72
	android:name
		ADDED from [com.github.privacystreams:privacystreams-core:0.1.4] AndroidManifest.xml:19:13-94
activity#com.github.privacystreams.image.PSCameraActivity
ADDED from [com.github.privacystreams:privacystreams-core:0.1.4] AndroidManifest.xml:23:9-27:75
	android:exported
		ADDED from [com.github.privacystreams:privacystreams-core:0.1.4] AndroidManifest.xml:26:13-36
	android:configChanges
		ADDED from [com.github.privacystreams:privacystreams-core:0.1.4] AndroidManifest.xml:25:13-74
	android:theme
		ADDED from [com.github.privacystreams:privacystreams-core:0.1.4] AndroidManifest.xml:27:13-72
	android:name
		ADDED from [com.github.privacystreams:privacystreams-core:0.1.4] AndroidManifest.xml:24:13-76
service#com.github.privacystreams.accessibility.PSAccessibilityService
ADDED from [com.github.privacystreams:privacystreams-core:0.1.4] AndroidManifest.xml:29:9-43:19
	android:enabled
		ADDED from [com.github.privacystreams:privacystreams-core:0.1.4] AndroidManifest.xml:31:13-58
	android:exported
		ADDED from [com.github.privacystreams:privacystreams-core:0.1.4] AndroidManifest.xml:32:13-36
	android:permission
		ADDED from [com.github.privacystreams:privacystreams-core:0.1.4] AndroidManifest.xml:33:13-79
	android:name
		ADDED from [com.github.privacystreams:privacystreams-core:0.1.4] AndroidManifest.xml:30:13-90
intent-filter#android.accessibilityservice.AccessibilityService+android.accessibilityservice.category.FEEDBACK_GENERIC
ADDED from [com.github.privacystreams:privacystreams-core:0.1.4] AndroidManifest.xml:34:13-38:29
action#android.accessibilityservice.AccessibilityService
ADDED from [com.github.privacystreams:privacystreams-core:0.1.4] AndroidManifest.xml:35:17-92
	android:name
		ADDED from [com.github.privacystreams:privacystreams-core:0.1.4] AndroidManifest.xml:35:25-89
category#android.accessibilityservice.category.FEEDBACK_GENERIC
ADDED from [com.github.privacystreams:privacystreams-core:0.1.4] AndroidManifest.xml:37:17-99
	android:name
		ADDED from [com.github.privacystreams:privacystreams-core:0.1.4] AndroidManifest.xml:37:27-96
meta-data#android.accessibilityservice
ADDED from [com.github.privacystreams:privacystreams-core:0.1.4] AndroidManifest.xml:40:13-42:64
	android:resource
		ADDED from [com.github.privacystreams:privacystreams-core:0.1.4] AndroidManifest.xml:42:17-61
	android:name
		ADDED from [com.github.privacystreams:privacystreams-core:0.1.4] AndroidManifest.xml:41:17-60
service#com.github.privacystreams.notification.PSNotificationListenerService
ADDED from [com.github.privacystreams:privacystreams-core:0.1.4] AndroidManifest.xml:44:9-51:19
	android:enabled
		ADDED from [com.github.privacystreams:privacystreams-core:0.1.4] AndroidManifest.xml:46:13-57
	android:permission
		ADDED from [com.github.privacystreams:privacystreams-core:0.1.4] AndroidManifest.xml:47:13-87
	android:name
		ADDED from [com.github.privacystreams:privacystreams-core:0.1.4] AndroidManifest.xml:45:13-96
intent-filter#android.service.notification.NotificationListenerService
ADDED from [com.github.privacystreams:privacystreams-core:0.1.4] AndroidManifest.xml:48:13-50:29
action#android.service.notification.NotificationListenerService
ADDED from [com.github.privacystreams:privacystreams-core:0.1.4] AndroidManifest.xml:49:17-99
	android:name
		ADDED from [com.github.privacystreams:privacystreams-core:0.1.4] AndroidManifest.xml:49:25-96
provider#com.github.privacystreams.utils.PSFileProvider
ADDED from [com.github.privacystreams:privacystreams-core:0.1.4] AndroidManifest.xml:53:9-61:20
	android:grantUriPermissions
		ADDED from [com.github.privacystreams:privacystreams-core:0.1.4] AndroidManifest.xml:57:13-47
	android:authorities
		ADDED from [com.github.privacystreams:privacystreams-core:0.1.4] AndroidManifest.xml:55:13-60
	android:exported
		ADDED from [com.github.privacystreams:privacystreams-core:0.1.4] AndroidManifest.xml:56:13-37
	android:name
		ADDED from [com.github.privacystreams:privacystreams-core:0.1.4] AndroidManifest.xml:54:13-74
meta-data#android.support.FILE_PROVIDER_PATHS
ADDED from [com.github.privacystreams:privacystreams-core:0.1.4] AndroidManifest.xml:58:13-60:60
	android:resource
		ADDED from [com.github.privacystreams:privacystreams-core:0.1.4] AndroidManifest.xml:60:17-57
	android:name
		ADDED from [com.github.privacystreams:privacystreams-core:0.1.4] AndroidManifest.xml:59:17-67
service#com.firebase.jobdispatcher.GooglePlayReceiver
ADDED from [com.firebase:firebase-jobdispatcher:0.8.5] AndroidManifest.xml:32:9-39:19
	android:exported
		ADDED from [com.firebase:firebase-jobdispatcher:0.8.5] AndroidManifest.xml:34:13-36
	android:permission
		ADDED from [com.firebase:firebase-jobdispatcher:0.8.5] AndroidManifest.xml:35:13-93
	android:name
		ADDED from [com.firebase:firebase-jobdispatcher:0.8.5] AndroidManifest.xml:33:13-73
intent-filter#com.google.android.gms.gcm.ACTION_TASK_READY
ADDED from [com.firebase:firebase-jobdispatcher:0.8.5] AndroidManifest.xml:36:13-38:29
action#com.google.android.gms.gcm.ACTION_TASK_READY
ADDED from [com.firebase:firebase-jobdispatcher:0.8.5] AndroidManifest.xml:37:17-87
	android:name
		ADDED from [com.firebase:firebase-jobdispatcher:0.8.5] AndroidManifest.xml:37:25-84